#-----------------------------------------------------------
# Vivado v2023.2 (64-bit)
# SW Build 4029153 on Fri Oct 13 20:14:34 MDT 2023
# IP Build 4028589 on Sat Oct 14 00:45:43 MDT 2023
# SharedData Build 4025554 on Tue Oct 10 17:18:54 MDT 2023
# Start of session at: Sat Feb 21 20:15:23 2026
# Process ID: 16008
# Current directory: C:/Users/admin/Desktop/SOP/VIVADO projects/Convo/divys/CKAN/experiments/ckan_mnist/models/20260220_150404/firmware/mlp_firmware/vivado
# Command line: vivado.exe -mode batch -source build_full.tcl
# Log file: C:/Users/admin/Desktop/SOP/VIVADO projects/Convo/divys/CKAN/experiments/ckan_mnist/models/20260220_150404/firmware/mlp_firmware/vivado/vivado.log
# Journal file: C:/Users/admin/Desktop/SOP/VIVADO projects/Convo/divys/CKAN/experiments/ckan_mnist/models/20260220_150404/firmware/mlp_firmware/vivado\vivado.jou
# Running On: DESKTOP-9696I54, OS: Windows, CPU Frequency: 1800 MHz, CPU Physical cores: 4, Host memory: 17072 MB
#-----------------------------------------------------------
source build_full.tcl
# set PROJ "KAN_FPGA_PROJECT"
# set DIR  [file normalize [pwd]]
# set SRCDIR [file normalize [file join $DIR ..]]
# set PART "xc7z020clg400-1"
# create_project -name $PROJ -part $PART -force
INFO: [ProjectBase 1-489] The host OS only allows 260 characters in a normal path. The project is stored in a path with more than 80 characters. If you experience issues with IP, Block Designs, or files not being found, please consider moving the project to a location with a shorter path. Alternately consider using the OS subst command to map part of the path to a drive letter.
Current project path is 'C:/Users/admin/Desktop/SOP/VIVADO projects/Convo/divys/CKAN/experiments/ckan_mnist/models/20260220_150404/firmware/mlp_firmware/vivado'
create_project: Time (s): cpu = 00:00:10 ; elapsed = 00:00:11 . Memory (MB): peak = 461.938 ; gain = 180.816
# set_property target_language VHDL [current_project]
# set_property default_lib work [current_project]
# file mkdir -p "$DIR/$PROJ"
# add_files -norecurse [glob $SRCDIR/src/*.vhd]
# set mems [glob -nocomplain $SRCDIR/mem/*.mem]
# if {[llength $mems] > 0} {
#     add_files -norecurse $mems
#     foreach f $mems {
#         set_property used_in_synthesis true [get_files $f]
#     }
# }
WARNING: [Vivado 12-818] No files matched 'C:/Users/admin/Desktop/SOP/VIVADO'
WARNING: [Vivado 12-818] No files matched 'projects/Convo/divys/CKAN/experiments/ckan_mnist/models/20260220_150404/firmware/mlp_firmware/mem/lut_0_0_12.mem'
ERROR: [Common 17-55] 'set_property' expects at least one object.
Resolution: If [get_<value>] was used to populate the object, check to make sure this command returns at least one valid object.
INFO: [Common 17-206] Exiting Vivado at Sat Feb 21 20:15:40 2026...
